# JRE version: Java(TM) SE Runtime Environment (8.0_91-b14) (build 1.8.0_91-b14)
# Java VM: Java HotSpot(TM) 64-Bit Server VM (25.91-b14 mixed mode bsd-amd64 compressed oops)
Heap:
 PSYoungGen      total 327680K, used 133944K [0x00000007aab00000, 0x00000007c0000000, 0x00000007c0000000)
  eden space 306688K, 43% used [0x00000007aab00000,0x00000007b2dce338,0x00000007bd680000)
  from space 20992K, 0% used [0x00000007bd680000,0x00000007bd680000,0x00000007beb00000)
  to   space 20480K, 0% used [0x00000007bec00000,0x00000007bec00000,0x00000007c0000000)
 ParOldGen       total 93184K, used 36428K [0x0000000780000000, 0x0000000785b00000, 0x00000007aab00000)
  object space 93184K, 39% used [0x0000000780000000,0x0000000782393120,0x0000000785b00000)
 Metaspace       used 52461K, capacity 55640K, committed 55848K, reserved 1097728K
  class space    used 7019K, capacity 7647K, committed 7720K, reserved 1048576K
GC Heap History (10 events):
Event: 3634.791 GC heap before
{Heap before GC invocations=28 (full 9):
 PSYoungGen      total 288768K, used 269312K [0x00000007aab00000, 0x00000007bda00000, 0x00000007c0000000)
  eden space 269312K, 100% used [0x00000007aab00000,0x00000007bb200000,0x00000007bb200000)
  from space 19456K, 0% used [0x00000007bc700000,0x00000007bc700000,0x00000007bda00000)
  to   space 20480K, 0% used [0x00000007bb200000,0x00000007bb200000,0x00000007bc600000)
 ParOldGen       total 93184K, used 36425K [0x0000000780000000, 0x0000000785b00000, 0x00000007aab00000)
  object space 93184K, 39% used [0x0000000780000000,0x0000000782392630,0x0000000785b00000)
 Metaspace       used 52237K, capacity 55378K, committed 55592K, reserved 1097728K
  class space    used 7018K, capacity 7646K, committed 7720K, reserved 1048576K
Event: 3634.809 GC heap after
Heap after GC invocations=28 (full 9):
 PSYoungGen      total 289792K, used 13303K [0x00000007aab00000, 0x00000007c0000000, 0x00000007c0000000)
  eden space 269312K, 0% used [0x00000007aab00000,0x00000007aab00000,0x00000007bb200000)
  from space 20480K, 64% used [0x00000007bb200000,0x00000007bbefdd00,0x00000007bc600000)
  to   space 21504K, 0% used [0x00000007beb00000,0x00000007beb00000,0x00000007c0000000)
 ParOldGen       total 93184K, used 36433K [0x0000000780000000, 0x0000000785b00000, 0x00000007aab00000)
  object space 93184K, 39% used [0x0000000780000000,0x0000000782394630,0x0000000785b00000)
 Metaspace       used 52237K, capacity 55378K, committed 55592K, reserved 1097728K
  class space    used 7018K, capacity 7646K, committed 7720K, reserved 1048576K
}
Event: 3662.993 GC heap before
{Heap before GC invocations=29 (full 9):
 PSYoungGen      total 289792K, used 55404K [0x00000007aab00000, 0x00000007c0000000, 0x00000007c0000000)
  eden space 269312K, 15% used [0x00000007aab00000,0x00000007ad41d5d8,0x00000007bb200000)
  from space 20480K, 64% used [0x00000007bb200000,0x00000007bbefdd00,0x00000007bc600000)
  to   space 21504K, 0% used [0x00000007beb00000,0x00000007beb00000,0x00000007c0000000)
 ParOldGen       total 93184K, used 36433K [0x0000000780000000, 0x0000000785b00000, 0x00000007aab00000)
  object space 93184K, 39% used [0x0000000780000000,0x0000000782394630,0x0000000785b00000)
 Metaspace       used 52256K, capacity 55378K, committed 55592K, reserved 1097728K
  class space    used 7018K, capacity 7646K, committed 7720K, reserved 1048576K
Event: 3662.999 GC heap after
Heap after GC invocations=29 (full 9):
 PSYoungGen      total 328192K, used 1924K [0x00000007aab00000, 0x00000007c0000000, 0x00000007c0000000)
  eden space 306688K, 0% used [0x00000007aab00000,0x00000007aab00000,0x00000007bd680000)
  from space 21504K, 8% used [0x00000007beb00000,0x00000007bece1080,0x00000007c0000000)
  to   space 20992K, 0% used [0x00000007bd680000,0x00000007bd680000,0x00000007beb00000)
 ParOldGen       total 93184K, used 36441K [0x0000000780000000, 0x0000000785b00000, 0x00000007aab00000)
  object space 93184K, 39% used [0x0000000780000000,0x0000000782396630,0x0000000785b00000)
 Metaspace       used 52256K, capacity 55378K, committed 55592K, reserved 1097728K
  class space    used 7018K, capacity 7646K, committed 7720K, reserved 1048576K
}
Event: 3662.999 GC heap before
{Heap before GC invocations=30 (full 10):
 PSYoungGen      total 328192K, used 1924K [0x00000007aab00000, 0x00000007c0000000, 0x00000007c0000000)
  eden space 306688K, 0% used [0x00000007aab00000,0x00000007aab00000,0x00000007bd680000)
  from space 21504K, 8% used [0x00000007beb00000,0x00000007bece1080,0x00000007c0000000)
  to   space 20992K, 0% used [0x00000007bd680000,0x00000007bd680000,0x00000007beb00000)
 ParOldGen       total 93184K, used 36441K [0x0000000780000000, 0x0000000785b00000, 0x00000007aab00000)
  object space 93184K, 39% used [0x0000000780000000,0x0000000782396630,0x0000000785b00000)
 Metaspace       used 52256K, capacity 55378K, committed 55592K, reserved 1097728K
  class space    used 7018K, capacity 7646K, committed 7720K, reserved 1048576K
Event: 3663.272 GC heap after
Heap after GC invocations=30 (full 10):
 PSYoungGen      total 328192K, used 0K [0x00000007aab00000, 0x00000007c0000000, 0x00000007c0000000)
  eden space 306688K, 0% used [0x00000007aab00000,0x00000007aab00000,0x00000007bd680000)
  from space 21504K, 0% used [0x00000007beb00000,0x00000007beb00000,0x00000007c0000000)
  to   space 20992K, 0% used [0x00000007bd680000,0x00000007bd680000,0x00000007beb00000)
 ParOldGen       total 93184K, used 34964K [0x0000000780000000, 0x0000000785b00000, 0x00000007aab00000)
  object space 93184K, 37% used [0x0000000780000000,0x0000000782225168,0x0000000785b00000)
 Metaspace       used 52256K, capacity 55378K, committed 55592K, reserved 1097728K
  class space    used 7018K, capacity 7646K, committed 7720K, reserved 1048576K
}
Event: 3973.251 GC heap before
{Heap before GC invocations=31 (full 10):
 PSYoungGen      total 328192K, used 158845K [0x00000007aab00000, 0x00000007c0000000, 0x00000007c0000000)
  eden space 306688K, 51% used [0x00000007aab00000,0x00000007b461f518,0x00000007bd680000)
  from space 21504K, 0% used [0x00000007beb00000,0x00000007beb00000,0x00000007c0000000)
  to   space 20992K, 0% used [0x00000007bd680000,0x00000007bd680000,0x00000007beb00000)
 ParOldGen       total 93184K, used 34964K [0x0000000780000000, 0x0000000785b00000, 0x00000007aab00000)
  object space 93184K, 37% used [0x0000000780000000,0x0000000782225168,0x0000000785b00000)
 Metaspace       used 52382K, capacity 55576K, committed 55848K, reserved 1097728K
  class space    used 7019K, capacity 7647K, committed 7720K, reserved 1048576K
Event: 3973.258 GC heap after
Heap after GC invocations=31 (full 10):
 PSYoungGen      total 327680K, used 3427K [0x00000007aab00000, 0x00000007c0000000, 0x00000007c0000000)
  eden space 306688K, 0% used [0x00000007aab00000,0x00000007aab00000,0x00000007bd680000)
  from space 20992K, 16% used [0x00000007bd680000,0x00000007bd9d8e98,0x00000007beb00000)
  to   space 20480K, 0% used [0x00000007bec00000,0x00000007bec00000,0x00000007c0000000)
 ParOldGen       total 93184K, used 34972K [0x0000000780000000, 0x0000000785b00000, 0x00000007aab00000)
  object space 93184K, 37% used [0x0000000780000000,0x0000000782227168,0x0000000785b00000)
 Metaspace       used 52382K, capacity 55576K, committed 55848K, reserved 1097728K
  class space    used 7019K, capacity 7647K, committed 7720K, reserved 1048576K
}
Event: 3973.258 GC heap before
{Heap before GC invocations=32 (full 11):
 PSYoungGen      total 327680K, used 3427K [0x00000007aab00000, 0x00000007c0000000, 0x00000007c0000000)
  eden space 306688K, 0% used [0x00000007aab00000,0x00000007aab00000,0x00000007bd680000)
  from space 20992K, 16% used [0x00000007bd680000,0x00000007bd9d8e98,0x00000007beb00000)
  to   space 20480K, 0% used [0x00000007bec00000,0x00000007bec00000,0x00000007c0000000)
 ParOldGen       total 93184K, used 34972K [0x0000000780000000, 0x0000000785b00000, 0x00000007aab00000)
  object space 93184K, 37% used [0x0000000780000000,0x0000000782227168,0x0000000785b00000)
 Metaspace       used 52382K, capacity 55576K, committed 55848K, reserved 1097728K
  class space    used 7019K, capacity 7647K, committed 7720K, reserved 1048576K
Event: 3973.441 GC heap after
Heap after GC invocations=32 (full 11):
 PSYoungGen      total 327680K, used 0K [0x00000007aab00000, 0x00000007c0000000, 0x00000007c0000000)
  eden space 306688K, 0% used [0x00000007aab00000,0x00000007aab00000,0x00000007bd680000)
  from space 20992K, 0% used [0x00000007bd680000,0x00000007bd680000,0x00000007beb00000)
  to   space 20480K, 0% used [0x00000007bec00000,0x00000007bec00000,0x00000007c0000000)
 ParOldGen       total 93184K, used 36428K [0x0000000780000000, 0x0000000785b00000, 0x00000007aab00000)
  object space 93184K, 39% used [0x0000000780000000,0x0000000782393120,0x0000000785b00000)
 Metaspace       used 52382K, capacity 55576K, committed 55848K, reserved 1097728K
  class space    used 7019K, capacity 7647K, committed 7720K, reserved 1048576K
}

